<?xml version="1.0" encoding="UTF-8"?>
<!-- Generated by org.testng.reporters.JUnitReportReporter -->
<testsuite hostname="DESKTOP-VGNOVV5" failures="0" tests="1" name="com.crm.qa.testcases.HomePageTest" time="12.653" errors="0" timestamp="17 Mar 2025 10:27:37 GMT" skipped="0">
  <testcase classname="com.crm.qa.testcases.HomePageTest" name="verifylogeduserdetails" time="12.653"/>
</testsuite> <!-- com.crm.qa.testcases.HomePageTest -->
