<?xml version="1.0" encoding="UTF-8"?>
<!-- Generated by org.testng.reporters.JUnitReportReporter -->
<testsuite hostname="DESKTOP-VGNOVV5" failures="0" tests="2" name="com.crm.qa.testcases.LoginPageTest" time="17.312" errors="0" timestamp="17 Mar 2025 07:39:02 GMT" skipped="0">
  <testcase classname="com.crm.qa.testcases.LoginPageTest" name="loginPageTitleTest" time="7.885"/>
  <testcase classname="com.crm.qa.testcases.LoginPageTest" name="loginTest" time="9.427"/>
</testsuite> <!-- com.crm.qa.testcases.LoginPageTest -->
